<?xml version="1.0" encoding="UTF-8"?>
<!-- Generated by org.testng.reporters.JUnitXMLReporter -->
<testsuite ignored="0" hostname="MLI01167" failures="0" tests="3" name="Test1" time="56.81" errors="0" timestamp="2024-05-25T17:23:17 IST">
  <testcase classname="Vibrant.TestAutomation.Test1" name="readValuesFrmJson" time="0.808"/>
  <testcase classname="Vibrant.TestAutomation.Test1" name="readValuesFromExl" time="3.758"/>
  <testcase classname="Vibrant.TestAutomation.Test1" name="verifyAdminPage" time="6.303"/>
</testsuite> <!-- Test1 -->
