<?xml version="1.0" encoding="UTF-8"?>
<!-- Generated by org.testng.reporters.JUnitXMLReporter -->
<testsuite ignored="0" hostname="MLI01167" failures="0" tests="3" name="Test1" time="41.044" errors="0" timestamp="2024-05-26T10:20:15 IST">
  <testcase classname="Vibrant.TestAutomation.Test1" name="readValuesFrmJson" time="0.266"/>
  <testcase classname="Vibrant.TestAutomation.Test1" name="readValuesFromExl" time="1.328"/>
  <testcase classname="Vibrant.TestAutomation.Test1" name="verifyAdminPage" time="9.283"/>
</testsuite> <!-- Test1 -->
