<?xml version="1.0" encoding="UTF-8"?>
<!-- Generated by org.testng.reporters.JUnitXMLReporter -->
<testsuite ignored="0" hostname="MLI01167" failures="0" tests="3" name="Test1" time="32.635" errors="0" timestamp="2024-05-26T13:09:38 IST">
  <testcase classname="Vibrant.TestAutomation.Test1" name="readValuesFrmJson" time="0.48"/>
  <testcase classname="Vibrant.TestAutomation.Test1" name="readValuesFromExl" time="1.206"/>
  <testcase classname="Vibrant.TestAutomation.Test1" name="verifyAdminPage" time="6.295"/>
</testsuite> <!-- Test1 -->
