<?xml version="1.0" encoding="UTF-8"?>
<testng-results ignored="0" total="1" passed="1" failed="0" skipped="0">
  <reporter-output>
  </reporter-output>
  <suite started-at="2024-05-26T14:42:21 IST" name="Surefire suite" finished-at="2024-05-26T14:42:39 IST" duration-ms="17129">
    <groups>
      <group name="cucumber">
        <method signature="AbstractTestNGCucumberTests.runScenario(io.cucumber.testng.PickleWrapper,io.cucumber.testng.FeatureWrapper)[pri:0, instance:cucumber.TestRunner@12b0404f]" name="runScenario" class="io.cucumber.testng.AbstractTestNGCucumberTests"/>
      </group> <!-- cucumber -->
    </groups>
    <test started-at="2024-05-26T14:42:21 IST" name="Surefire test" finished-at="2024-05-26T14:42:39 IST" duration-ms="17129">
      <class name="cucumber.TestRunner">
        <test-method is-config="true" signature="setUpClass(org.testng.ITestContext)[pri:0, instance:cucumber.TestRunner@12b0404f]" started-at="2024-05-26T14:42:21 IST" name="setUpClass" finished-at="2024-05-26T14:42:22 IST" duration-ms="440" status="PASS">
          <params>
            <param index="0">
              <value>
                <![CDATA[org.testng.TestRunner@1e008f36]]>
              </value>
            </param>
          </params>
          <reporter-output>
          </reporter-output>
        </test-method> <!-- setUpClass -->
        <test-method signature="runScenario(io.cucumber.testng.PickleWrapper,io.cucumber.testng.FeatureWrapper)[pri:0, instance:cucumber.TestRunner@12b0404f]" started-at="2024-05-26T14:42:22 IST" name="runScenario" description="Runs Cucumber Scenarios" data-provider="scenarios" finished-at="2024-05-26T14:42:38 IST" duration-ms="16626" status="PASS">
          <params>
            <param index="0">
              <value>
                <![CDATA["Login to portal and verify the admin page"]]>
              </value>
            </param>
            <param index="1">
              <value>
                <![CDATA["Login to Portal and do some actions"]]>
              </value>
            </param>
          </params>
          <reporter-output>
          </reporter-output>
        </test-method> <!-- runScenario -->
        <test-method is-config="true" signature="tearDownClass()[pri:0, instance:cucumber.TestRunner@12b0404f]" started-at="2024-05-26T14:42:38 IST" name="tearDownClass" finished-at="2024-05-26T14:42:39 IST" duration-ms="29" status="PASS">
          <reporter-output>
          </reporter-output>
        </test-method> <!-- tearDownClass -->
      </class> <!-- cucumber.TestRunner -->
    </test> <!-- Surefire test -->
  </suite> <!-- Surefire suite -->
</testng-results>
